{"/Users/brianjenney1/Desktop/apps/warehouse/server.ts": {"path":"/Users/brianjenney1/Desktop/apps/warehouse/server.ts","statementMap":{"0":{"start":{"line":1,"column":0},"end":{"line":1,"column":30}},"1":{"start":{"line":2,"column":0},"end":{"line":2,"column":41}},"2":{"start":{"line":3,"column":0},"end":{"line":3,"column":37}},"3":{"start":{"line":4,"column":0},"end":{"line":4,"column":24}},"4":{"start":{"line":5,"column":0},"end":{"line":5,"column":32}},"5":{"start":{"line":6,"column":0},"end":{"line":6,"column":44}},"6":{"start":{"line":7,"column":0},"end":{"line":7,"column":41}},"7":{"start":{"line":8,"column":0},"end":{"line":8,"column":32}},"8":{"start":{"line":9,"column":0},"end":{"line":9,"column":9}},"9":{"start":{"line":11,"column":0},"end":{"line":16,"column":null}},"10":{"start":{"line":12,"column":4},"end":{"line":15,"column":7}},"11":{"start":{"line":18,"column":12},"end":{"line":18,"column":21}},"12":{"start":{"line":44,"column":9},"end":{"line":44,"column":12}},"13":{"start":{"line":19,"column":13},"end":{"line":19,"column":37}},"14":{"start":{"line":21,"column":0},"end":{"line":21,"column":24}},"15":{"start":{"line":23,"column":0},"end":{"line":28,"column":2}},"16":{"start":{"line":30,"column":0},"end":{"line":30,"column":16}},"17":{"start":{"line":31,"column":0},"end":{"line":37,"column":3}},"18":{"start":{"line":32,"column":4},"end":{"line":36,"column":null}},"19":{"start":{"line":33,"column":8},"end":{"line":33,"column":15}},"20":{"start":{"line":35,"column":8},"end":{"line":35,"column":56}},"21":{"start":{"line":38,"column":0},"end":{"line":38,"column":19}},"22":{"start":{"line":40,"column":0},"end":{"line":42,"column":null}},"23":{"start":{"line":41,"column":4},"end":{"line":41,"column":67}},"24":{"start":{"line":41,"column":27},"end":{"line":41,"column":65}},"25":{"start":{"line":45,"column":0},"end":{"line":45,"column":41}}},"fnMap":{"0":{"name":"(anonymous_1)","decl":{"start":{"line":31,"column":8},"end":{"line":31,"column":9}},"loc":{"start":{"line":31,"column":27},"end":{"line":37,"column":1}}},"1":{"name":"(anonymous_2)","decl":{"start":{"line":41,"column":21},"end":{"line":41,"column":24}},"loc":{"start":{"line":41,"column":27},"end":{"line":41,"column":65}}}},"branchMap":{"0":{"loc":{"start":{"line":11,"column":0},"end":{"line":16,"column":null}},"type":"if","locations":[{"start":{"line":11,"column":0},"end":{"line":16,"column":null}}]},"1":{"loc":{"start":{"line":19,"column":13},"end":{"line":19,"column":37}},"type":"binary-expr","locations":[{"start":{"line":19,"column":13},"end":{"line":19,"column":29}},{"start":{"line":19,"column":33},"end":{"line":19,"column":37}}]},"2":{"loc":{"start":{"line":32,"column":4},"end":{"line":36,"column":null}},"type":"if","locations":[{"start":{"line":32,"column":4},"end":{"line":36,"column":null}},{"start":{"line":34,"column":11},"end":{"line":36,"column":null}}]},"3":{"loc":{"start":{"line":40,"column":0},"end":{"line":42,"column":null}},"type":"if","locations":[{"start":{"line":40,"column":0},"end":{"line":42,"column":null}}]}},"s":{"0":1,"1":1,"2":1,"3":1,"4":1,"5":1,"6":1,"7":1,"8":1,"9":1,"10":0,"11":1,"12":1,"13":1,"14":1,"15":1,"16":1,"17":1,"18":9,"19":0,"20":9,"21":1,"22":1,"23":0,"24":0,"25":1},"f":{"0":9,"1":0},"b":{"0":[0],"1":[1,0],"2":[0,9],"3":[0]}}
,"/Users/brianjenney1/Desktop/apps/warehouse/src/apiHelpers.ts": {"path":"/Users/brianjenney1/Desktop/apps/warehouse/src/apiHelpers.ts","statementMap":{"0":{"start":{"line":2,"column":0},"end":{"line":2,"column":63}},"1":{"start":{"line":3,"column":0},"end":{"line":3,"column":33}},"2":{"start":{"line":5,"column":28},"end":{"line":16,"column":1}},"3":{"start":{"line":9,"column":24},"end":{"line":9,"column":44}},"4":{"start":{"line":10,"column":24},"end":{"line":10,"column":79}},"5":{"start":{"line":10,"column":52},"end":{"line":10,"column":78}},"6":{"start":{"line":11,"column":4},"end":{"line":13,"column":null}},"7":{"start":{"line":12,"column":8},"end":{"line":12,"column":63}},"8":{"start":{"line":15,"column":4},"end":{"line":15,"column":16}},"9":{"start":{"line":66,"column":4},"end":{"line":66,"column":23}},"10":{"start":{"line":18,"column":28},"end":{"line":40,"column":2}},"11":{"start":{"line":22,"column":19},"end":{"line":40,"column":2}},"12":{"start":{"line":24,"column":4},"end":{"line":38,"column":null}},"13":{"start":{"line":25,"column":32},"end":{"line":25,"column":68}},"14":{"start":{"line":27,"column":36},"end":{"line":27,"column":67}},"15":{"start":{"line":29,"column":33},"end":{"line":33,"column":16}},"16":{"start":{"line":35,"column":8},"end":{"line":37,"column":11}},"17":{"start":{"line":39,"column":4},"end":{"line":39,"column":11}},"18":{"start":{"line":69,"column":4},"end":{"line":69,"column":23}},"19":{"start":{"line":42,"column":28},"end":{"line":47,"column":1}},"20":{"start":{"line":46,"column":4},"end":{"line":46,"column":79}},"21":{"start":{"line":67,"column":4},"end":{"line":67,"column":23}},"22":{"start":{"line":54,"column":30},"end":{"line":63,"column":1}},"23":{"start":{"line":58,"column":4},"end":{"line":62,"column":7}},"24":{"start":{"line":68,"column":4},"end":{"line":68,"column":25}}},"fnMap":{"0":{"name":"(anonymous_7)","decl":{"start":{"line":5,"column":28},"end":{"line":5,"column":null}},"loc":{"start":{"line":8,"column":22},"end":{"line":16,"column":1}}},"1":{"name":"(anonymous_8)","decl":{"start":{"line":10,"column":43},"end":{"line":10,"column":44}},"loc":{"start":{"line":10,"column":52},"end":{"line":10,"column":78}}},"2":{"name":"(anonymous_9)","decl":{"start":{"line":18,"column":28},"end":{"line":18,"column":null}},"loc":{"start":{"line":22,"column":19},"end":{"line":40,"column":2}}},"3":{"name":"(anonymous_10)","decl":{"start":{"line":22,"column":19},"end":{"line":22,"column":null}},"loc":{"start":{"line":22,"column":19},"end":{"line":40,"column":1}}},"4":{"name":"(anonymous_11)","decl":{"start":{"line":42,"column":28},"end":{"line":42,"column":null}},"loc":{"start":{"line":45,"column":10},"end":{"line":47,"column":1}}},"5":{"name":"(anonymous_12)","decl":{"start":{"line":54,"column":30},"end":{"line":54,"column":null}},"loc":{"start":{"line":57,"column":10},"end":{"line":63,"column":1}}}},"branchMap":{"0":{"loc":{"start":{"line":11,"column":4},"end":{"line":13,"column":null}},"type":"if","locations":[{"start":{"line":11,"column":4},"end":{"line":13,"column":null}}]},"1":{"loc":{"start":{"line":24,"column":4},"end":{"line":38,"column":null}},"type":"if","locations":[{"start":{"line":24,"column":4},"end":{"line":38,"column":null}}]},"2":{"loc":{"start":{"line":24,"column":8},"end":{"line":24,"column":58}},"type":"binary-expr","locations":[{"start":{"line":24,"column":8},"end":{"line":24,"column":16}},{"start":{"line":24,"column":21},"end":{"line":24,"column":37}},{"start":{"line":24,"column":41},"end":{"line":24,"column":57}}]},"3":{"loc":{"start":{"line":25,"column":32},"end":{"line":25,"column":68}},"type":"binary-expr","locations":[{"start":{"line":25,"column":32},"end":{"line":25,"column":48}},{"start":{"line":25,"column":52},"end":{"line":25,"column":68}}]},"4":{"loc":{"start":{"line":29,"column":33},"end":{"line":33,"column":16}},"type":"cond-expr","locations":[{"start":{"line":30,"column":14},"end":{"line":30,"column":52}},{"start":{"line":31,"column":14},"end":{"line":33,"column":16}}]},"5":{"loc":{"start":{"line":46,"column":34},"end":{"line":46,"column":75}},"type":"binary-expr","locations":[{"start":{"line":46,"column":34},"end":{"line":46,"column":47}},{"start":{"line":46,"column":51},"end":{"line":46,"column":75}}]}},"s":{"0":1,"1":1,"2":1,"3":9,"4":9,"5":20,"6":9,"7":1,"8":8,"9":1,"10":1,"11":9,"12":9,"13":6,"14":6,"15":6,"16":6,"17":9,"18":1,"19":1,"20":2,"21":1,"22":1,"23":7,"24":1},"f":{"0":9,"1":20,"2":9,"3":9,"4":2,"5":7},"b":{"0":[1],"1":[6],"2":[9,9,7],"3":[6,4],"4":[2,4],"5":[2,0]}}
,"/Users/brianjenney1/Desktop/apps/warehouse/src/controllers/payment.controller.ts": {"path":"/Users/brianjenney1/Desktop/apps/warehouse/src/controllers/payment.controller.ts","statementMap":{"0":{"start":{"line":2,"column":0},"end":{"line":2,"column":28}},"1":{"start":{"line":4,"column":0},"end":{"line":4,"column":69}},"2":{"start":{"line":5,"column":0},"end":{"line":5,"column":75}},"3":{"start":{"line":10,"column":0},"end":{"line":10,"column":32}},"4":{"start":{"line":11,"column":0},"end":{"line":11,"column":9}},"5":{"start":{"line":13,"column":23},"end":{"line":13,"column":48}},"6":{"start":{"line":14,"column":22},"end":{"line":16,"column":2}},"7":{"start":{"line":18,"column":30},"end":{"line":51,"column":2}},"8":{"start":{"line":21,"column":19},"end":{"line":51,"column":2}},"9":{"start":{"line":22,"column":28},"end":{"line":22,"column":64}},"10":{"start":{"line":23,"column":32},"end":{"line":25,"column":41}},"11":{"start":{"line":26,"column":4},"end":{"line":50,"column":null}},"12":{"start":{"line":27,"column":45},"end":{"line":27,"column":53}},"13":{"start":{"line":29,"column":24},"end":{"line":45,"column":10}},"14":{"start":{"line":47,"column":8},"end":{"line":47,"column":64}},"15":{"start":{"line":49,"column":8},"end":{"line":49,"column":36}},"16":{"start":{"line":128,"column":25},"end":{"line":128,"column":46}},"17":{"start":{"line":53,"column":23},"end":{"line":126,"column":2}},"18":{"start":{"line":53,"column":76},"end":{"line":126,"column":2}},"19":{"start":{"line":58,"column":4},"end":{"line":75,"column":null}},"20":{"start":{"line":60,"column":26},"end":{"line":60,"column":57}},"21":{"start":{"line":62,"column":8},"end":{"line":74,"column":null}},"22":{"start":{"line":63,"column":12},"end":{"line":67,"column":14}},"23":{"start":{"line":69,"column":12},"end":{"line":72,"column":14}},"24":{"start":{"line":73,"column":12},"end":{"line":73,"column":42}},"25":{"start":{"line":79,"column":4},"end":{"line":81,"column":null}},"26":{"start":{"line":80,"column":8},"end":{"line":80,"column":37}},"27":{"start":{"line":83,"column":4},"end":{"line":122,"column":null}},"28":{"start":{"line":85,"column":12},"end":{"line":85,"column":48}},"29":{"start":{"line":86,"column":12},"end":{"line":88,"column":14}},"30":{"start":{"line":91,"column":12},"end":{"line":91,"column":18}},"31":{"start":{"line":93,"column":12},"end":{"line":93,"column":48}},"32":{"start":{"line":96,"column":12},"end":{"line":96,"column":18}},"33":{"start":{"line":98,"column":12},"end":{"line":98,"column":48}},"34":{"start":{"line":99,"column":12},"end":{"line":103,"column":14}},"35":{"start":{"line":105,"column":12},"end":{"line":105,"column":18}},"36":{"start":{"line":107,"column":12},"end":{"line":107,"column":48}},"37":{"start":{"line":109,"column":12},"end":{"line":109,"column":18}},"38":{"start":{"line":111,"column":12},"end":{"line":111,"column":48}},"39":{"start":{"line":113,"column":12},"end":{"line":117,"column":14}},"40":{"start":{"line":118,"column":12},"end":{"line":118,"column":18}},"41":{"start":{"line":121,"column":12},"end":{"line":121,"column":69}},"42":{"start":{"line":125,"column":4},"end":{"line":125,"column":35}},"43":{"start":{"line":128,"column":9},"end":{"line":128,"column":23}}},"fnMap":{"0":{"name":"(anonymous_8)","decl":{"start":{"line":18,"column":30},"end":{"line":18,"column":null}},"loc":{"start":{"line":21,"column":19},"end":{"line":51,"column":2}}},"1":{"name":"(anonymous_9)","decl":{"start":{"line":21,"column":19},"end":{"line":21,"column":null}},"loc":{"start":{"line":21,"column":19},"end":{"line":51,"column":1}}},"2":{"name":"(anonymous_10)","decl":{"start":{"line":53,"column":23},"end":{"line":53,"column":30}},"loc":{"start":{"line":53,"column":76},"end":{"line":126,"column":2}}},"3":{"name":"(anonymous_11)","decl":{"start":{"line":53,"column":76},"end":{"line":53,"column":null}},"loc":{"start":{"line":53,"column":76},"end":{"line":126,"column":1}}}},"branchMap":{"0":{"loc":{"start":{"line":23,"column":32},"end":{"line":25,"column":41}},"type":"cond-expr","locations":[{"start":{"line":24,"column":10},"end":{"line":24,"column":39}},{"start":{"line":25,"column":10},"end":{"line":25,"column":41}}]},"1":{"loc":{"start":{"line":58,"column":4},"end":{"line":75,"column":null}},"type":"if","locations":[{"start":{"line":58,"column":4},"end":{"line":75,"column":null}}]},"2":{"loc":{"start":{"line":79,"column":4},"end":{"line":81,"column":null}},"type":"if","locations":[{"start":{"line":79,"column":4},"end":{"line":81,"column":null}}]},"3":{"loc":{"start":{"line":83,"column":4},"end":{"line":122,"column":null}},"type":"switch","locations":[{"start":{"line":84,"column":8},"end":{"line":91,"column":18}},{"start":{"line":92,"column":8},"end":{"line":96,"column":18}},{"start":{"line":97,"column":8},"end":{"line":105,"column":18}},{"start":{"line":106,"column":8},"end":{"line":109,"column":18}},{"start":{"line":110,"column":8},"end":{"line":118,"column":18}},{"start":{"line":119,"column":8},"end":{"line":121,"column":69}}]}},"s":{"0":1,"1":1,"2":1,"3":1,"4":1,"5":1,"6":1,"7":1,"8":0,"9":0,"10":0,"11":0,"12":0,"13":0,"14":0,"15":0,"16":1,"17":1,"18":0,"19":0,"20":0,"21":0,"22":0,"23":0,"24":0,"25":0,"26":0,"27":0,"28":0,"29":0,"30":0,"31":0,"32":0,"33":0,"34":0,"35":0,"36":0,"37":0,"38":0,"39":0,"40":0,"41":0,"42":0,"43":1},"f":{"0":0,"1":0,"2":0,"3":0},"b":{"0":[0,0],"1":[0],"2":[0],"3":[0,0,0,0,0,0]}}
,"/Users/brianjenney1/Desktop/apps/warehouse/src/controllers/styles.controller.ts": {"path":"/Users/brianjenney1/Desktop/apps/warehouse/src/controllers/styles.controller.ts","statementMap":{"0":{"start":{"line":2,"column":0},"end":{"line":2,"column":null}},"1":{"start":{"line":7,"column":0},"end":{"line":7,"column":70}},"2":{"start":{"line":8,"column":0},"end":{"line":8,"column":null}},"3":{"start":{"line":12,"column":0},"end":{"line":12,"column":54}},"4":{"start":{"line":13,"column":0},"end":{"line":13,"column":61}},"5":{"start":{"line":14,"column":0},"end":{"line":14,"column":64}},"6":{"start":{"line":16,"column":24},"end":{"line":30,"column":2}},"7":{"start":{"line":22,"column":20},"end":{"line":30,"column":2}},"8":{"start":{"line":23,"column":4},"end":{"line":27,"column":6}},"9":{"start":{"line":29,"column":4},"end":{"line":29,"column":78}},"10":{"start":{"line":32,"column":29},"end":{"line":50,"column":2}},"11":{"start":{"line":38,"column":20},"end":{"line":50,"column":2}},"12":{"start":{"line":39,"column":4},"end":{"line":43,"column":6}},"13":{"start":{"line":45,"column":4},"end":{"line":49,"column":6}},"14":{"start":{"line":54,"column":38},"end":{"line":67,"column":2}},"15":{"start":{"line":56,"column":19},"end":{"line":67,"column":2}},"16":{"start":{"line":57,"column":4},"end":{"line":64,"column":7}},"17":{"start":{"line":66,"column":4},"end":{"line":66,"column":55}},"18":{"start":{"line":69,"column":18},"end":{"line":99,"column":2}},"19":{"start":{"line":69,"column":71},"end":{"line":99,"column":2}},"20":{"start":{"line":70,"column":4},"end":{"line":98,"column":null}},"21":{"start":{"line":71,"column":8},"end":{"line":71,"column":52}},"22":{"start":{"line":73,"column":44},"end":{"line":73,"column":53}},"23":{"start":{"line":76,"column":12},"end":{"line":78,"column":23}},"24":{"start":{"line":81,"column":37},"end":{"line":83,"column":10}},"25":{"start":{"line":85,"column":8},"end":{"line":87,"column":null}},"26":{"start":{"line":86,"column":12},"end":{"line":86,"column":62}},"27":{"start":{"line":89,"column":41},"end":{"line":93,"column":10}},"28":{"start":{"line":95,"column":8},"end":{"line":95,"column":52}},"29":{"start":{"line":97,"column":8},"end":{"line":97,"column":36}},"30":{"start":{"line":332,"column":4},"end":{"line":332,"column":13}},"31":{"start":{"line":101,"column":22},"end":{"line":120,"column":2}},"32":{"start":{"line":101,"column":75},"end":{"line":120,"column":2}},"33":{"start":{"line":102,"column":4},"end":{"line":119,"column":null}},"34":{"start":{"line":103,"column":8},"end":{"line":103,"column":52}},"35":{"start":{"line":105,"column":28},"end":{"line":105,"column":37}},"36":{"start":{"line":107,"column":39},"end":{"line":109,"column":10}},"37":{"start":{"line":112,"column":12},"end":{"line":114,"column":14}},"38":{"start":{"line":116,"column":8},"end":{"line":116,"column":58}},"39":{"start":{"line":118,"column":8},"end":{"line":118,"column":36}},"40":{"start":{"line":331,"column":4},"end":{"line":331,"column":17}},"41":{"start":{"line":122,"column":18},"end":{"line":145,"column":2}},"42":{"start":{"line":122,"column":71},"end":{"line":145,"column":2}},"43":{"start":{"line":123,"column":4},"end":{"line":144,"column":null}},"44":{"start":{"line":124,"column":8},"end":{"line":124,"column":62}},"45":{"start":{"line":125,"column":37},"end":{"line":125,"column":45}},"46":{"start":{"line":127,"column":38},"end":{"line":130,"column":10}},"47":{"start":{"line":132,"column":8},"end":{"line":137,"column":11}},"48":{"start":{"line":139,"column":8},"end":{"line":139,"column":54}},"49":{"start":{"line":141,"column":8},"end":{"line":141,"column":39}},"50":{"start":{"line":143,"column":8},"end":{"line":143,"column":36}},"51":{"start":{"line":334,"column":4},"end":{"line":334,"column":13}},"52":{"start":{"line":147,"column":18},"end":{"line":198,"column":2}},"53":{"start":{"line":147,"column":71},"end":{"line":198,"column":2}},"54":{"start":{"line":148,"column":4},"end":{"line":197,"column":null}},"55":{"start":{"line":149,"column":8},"end":{"line":149,"column":61}},"56":{"start":{"line":151,"column":64},"end":{"line":151,"column":72}},"57":{"start":{"line":153,"column":8},"end":{"line":160,"column":null}},"58":{"start":{"line":154,"column":12},"end":{"line":159,"column":14}},"59":{"start":{"line":162,"column":38},"end":{"line":165,"column":10}},"60":{"start":{"line":167,"column":40},"end":{"line":170,"column":10}},"61":{"start":{"line":172,"column":8},"end":{"line":174,"column":null}},"62":{"start":{"line":173,"column":12},"end":{"line":173,"column":58}},"63":{"start":{"line":176,"column":8},"end":{"line":184,"column":null}},"64":{"start":{"line":177,"column":12},"end":{"line":180,"column":15}},"65":{"start":{"line":182,"column":12},"end":{"line":182,"column":43}},"66":{"start":{"line":183,"column":12},"end":{"line":183,"column":19}},"67":{"start":{"line":186,"column":39},"end":{"line":192,"column":10}},"68":{"start":{"line":194,"column":8},"end":{"line":194,"column":50}},"69":{"start":{"line":196,"column":8},"end":{"line":196,"column":36}},"70":{"start":{"line":333,"column":4},"end":{"line":333,"column":13}},"71":{"start":{"line":200,"column":26},"end":{"line":218,"column":2}},"72":{"start":{"line":203,"column":19},"end":{"line":218,"column":2}},"73":{"start":{"line":204,"column":4},"end":{"line":217,"column":null}},"74":{"start":{"line":205,"column":8},"end":{"line":205,"column":64}},"75":{"start":{"line":206,"column":39},"end":{"line":206,"column":47}},"76":{"start":{"line":208,"column":8},"end":{"line":212,"column":11}},"77":{"start":{"line":214,"column":8},"end":{"line":214,"column":39}},"78":{"start":{"line":216,"column":8},"end":{"line":216,"column":36}},"79":{"start":{"line":337,"column":4},"end":{"line":337,"column":21}},"80":{"start":{"line":220,"column":31},"end":{"line":246,"column":2}},"81":{"start":{"line":223,"column":19},"end":{"line":246,"column":2}},"82":{"start":{"line":224,"column":4},"end":{"line":245,"column":null}},"83":{"start":{"line":225,"column":8},"end":{"line":225,"column":60}},"84":{"start":{"line":227,"column":42},"end":{"line":227,"column":50}},"85":{"start":{"line":229,"column":8},"end":{"line":234,"column":null}},"86":{"start":{"line":230,"column":12},"end":{"line":233,"column":14}},"87":{"start":{"line":236,"column":34},"end":{"line":238,"column":10}},"88":{"start":{"line":240,"column":8},"end":{"line":240,"column":64}},"89":{"start":{"line":242,"column":8},"end":{"line":242,"column":48}},"90":{"start":{"line":244,"column":8},"end":{"line":244,"column":36}},"91":{"start":{"line":336,"column":4},"end":{"line":336,"column":26}},"92":{"start":{"line":248,"column":19},"end":{"line":286,"column":2}},"93":{"start":{"line":248,"column":72},"end":{"line":286,"column":2}},"94":{"start":{"line":249,"column":4},"end":{"line":285,"column":null}},"95":{"start":{"line":250,"column":8},"end":{"line":250,"column":67}},"96":{"start":{"line":252,"column":40},"end":{"line":252,"column":48}},"97":{"start":{"line":255,"column":38},"end":{"line":255,"column":76}},"98":{"start":{"line":257,"column":8},"end":{"line":265,"column":null}},"99":{"start":{"line":258,"column":12},"end":{"line":262,"column":14}},"100":{"start":{"line":263,"column":12},"end":{"line":263,"column":43}},"101":{"start":{"line":264,"column":12},"end":{"line":264,"column":19}},"102":{"start":{"line":267,"column":31},"end":{"line":267,"column":52}},"103":{"start":{"line":269,"column":24},"end":{"line":273,"column":10}},"104":{"start":{"line":275,"column":36},"end":{"line":278,"column":10}},"105":{"start":{"line":280,"column":8},"end":{"line":280,"column":78}},"106":{"start":{"line":282,"column":8},"end":{"line":282,"column":48}},"107":{"start":{"line":284,"column":8},"end":{"line":284,"column":36}},"108":{"start":{"line":335,"column":4},"end":{"line":335,"column":14}},"109":{"start":{"line":288,"column":19},"end":{"line":300,"column":2}},"110":{"start":{"line":288,"column":72},"end":{"line":300,"column":2}},"111":{"start":{"line":289,"column":4},"end":{"line":299,"column":null}},"112":{"start":{"line":290,"column":8},"end":{"line":290,"column":61}},"113":{"start":{"line":292,"column":36},"end":{"line":292,"column":44}},"114":{"start":{"line":294,"column":8},"end":{"line":294,"column":64}},"115":{"start":{"line":296,"column":8},"end":{"line":296,"column":39}},"116":{"start":{"line":298,"column":8},"end":{"line":298,"column":36}},"117":{"start":{"line":339,"column":4},"end":{"line":339,"column":14}},"118":{"start":{"line":302,"column":20},"end":{"line":328,"column":2}},"119":{"start":{"line":302,"column":73},"end":{"line":328,"column":2}},"120":{"start":{"line":303,"column":4},"end":{"line":327,"column":null}},"121":{"start":{"line":304,"column":8},"end":{"line":304,"column":51}},"122":{"start":{"line":306,"column":27},"end":{"line":306,"column":36}},"123":{"start":{"line":308,"column":31},"end":{"line":310,"column":10}},"124":{"start":{"line":312,"column":37},"end":{"line":313,"column":null}},"125":{"start":{"line":316,"column":37},"end":{"line":317,"column":null}},"126":{"start":{"line":317,"column":40},"end":{"line":317,"column":66}},"127":{"start":{"line":320,"column":8},"end":{"line":324,"column":11}},"128":{"start":{"line":326,"column":8},"end":{"line":326,"column":36}},"129":{"start":{"line":338,"column":4},"end":{"line":338,"column":15}}},"fnMap":{"0":{"name":"(anonymous_8)","decl":{"start":{"line":16,"column":24},"end":{"line":16,"column":31}},"loc":{"start":{"line":22,"column":20},"end":{"line":30,"column":2}}},"1":{"name":"(anonymous_9)","decl":{"start":{"line":22,"column":20},"end":{"line":22,"column":null}},"loc":{"start":{"line":22,"column":20},"end":{"line":30,"column":1}}},"2":{"name":"(anonymous_10)","decl":{"start":{"line":32,"column":29},"end":{"line":32,"column":36}},"loc":{"start":{"line":38,"column":20},"end":{"line":50,"column":2}}},"3":{"name":"(anonymous_11)","decl":{"start":{"line":38,"column":20},"end":{"line":38,"column":null}},"loc":{"start":{"line":38,"column":20},"end":{"line":50,"column":1}}},"4":{"name":"(anonymous_12)","decl":{"start":{"line":54,"column":38},"end":{"line":54,"column":null}},"loc":{"start":{"line":56,"column":19},"end":{"line":67,"column":2}}},"5":{"name":"(anonymous_13)","decl":{"start":{"line":56,"column":19},"end":{"line":56,"column":null}},"loc":{"start":{"line":56,"column":19},"end":{"line":67,"column":1}}},"6":{"name":"(anonymous_14)","decl":{"start":{"line":69,"column":18},"end":{"line":69,"column":25}},"loc":{"start":{"line":69,"column":71},"end":{"line":99,"column":2}}},"7":{"name":"(anonymous_15)","decl":{"start":{"line":69,"column":71},"end":{"line":69,"column":null}},"loc":{"start":{"line":69,"column":71},"end":{"line":99,"column":1}}},"8":{"name":"(anonymous_16)","decl":{"start":{"line":101,"column":22},"end":{"line":101,"column":29}},"loc":{"start":{"line":101,"column":75},"end":{"line":120,"column":2}}},"9":{"name":"(anonymous_17)","decl":{"start":{"line":101,"column":75},"end":{"line":101,"column":null}},"loc":{"start":{"line":101,"column":75},"end":{"line":120,"column":1}}},"10":{"name":"(anonymous_18)","decl":{"start":{"line":122,"column":18},"end":{"line":122,"column":25}},"loc":{"start":{"line":122,"column":71},"end":{"line":145,"column":2}}},"11":{"name":"(anonymous_19)","decl":{"start":{"line":122,"column":71},"end":{"line":122,"column":null}},"loc":{"start":{"line":122,"column":71},"end":{"line":145,"column":1}}},"12":{"name":"(anonymous_20)","decl":{"start":{"line":147,"column":18},"end":{"line":147,"column":25}},"loc":{"start":{"line":147,"column":71},"end":{"line":198,"column":2}}},"13":{"name":"(anonymous_21)","decl":{"start":{"line":147,"column":71},"end":{"line":147,"column":null}},"loc":{"start":{"line":147,"column":71},"end":{"line":198,"column":1}}},"14":{"name":"(anonymous_22)","decl":{"start":{"line":200,"column":26},"end":{"line":200,"column":null}},"loc":{"start":{"line":203,"column":19},"end":{"line":218,"column":2}}},"15":{"name":"(anonymous_23)","decl":{"start":{"line":203,"column":19},"end":{"line":203,"column":null}},"loc":{"start":{"line":203,"column":19},"end":{"line":218,"column":1}}},"16":{"name":"(anonymous_24)","decl":{"start":{"line":220,"column":31},"end":{"line":220,"column":null}},"loc":{"start":{"line":223,"column":19},"end":{"line":246,"column":2}}},"17":{"name":"(anonymous_25)","decl":{"start":{"line":223,"column":19},"end":{"line":223,"column":null}},"loc":{"start":{"line":223,"column":19},"end":{"line":246,"column":1}}},"18":{"name":"(anonymous_26)","decl":{"start":{"line":248,"column":19},"end":{"line":248,"column":26}},"loc":{"start":{"line":248,"column":72},"end":{"line":286,"column":2}}},"19":{"name":"(anonymous_27)","decl":{"start":{"line":248,"column":72},"end":{"line":248,"column":null}},"loc":{"start":{"line":248,"column":72},"end":{"line":286,"column":1}}},"20":{"name":"(anonymous_28)","decl":{"start":{"line":288,"column":19},"end":{"line":288,"column":26}},"loc":{"start":{"line":288,"column":72},"end":{"line":300,"column":2}}},"21":{"name":"(anonymous_29)","decl":{"start":{"line":288,"column":72},"end":{"line":288,"column":null}},"loc":{"start":{"line":288,"column":72},"end":{"line":300,"column":1}}},"22":{"name":"(anonymous_30)","decl":{"start":{"line":302,"column":20},"end":{"line":302,"column":27}},"loc":{"start":{"line":302,"column":73},"end":{"line":328,"column":2}}},"23":{"name":"(anonymous_31)","decl":{"start":{"line":302,"column":73},"end":{"line":302,"column":null}},"loc":{"start":{"line":302,"column":73},"end":{"line":328,"column":1}}},"24":{"name":"(anonymous_32)","decl":{"start":{"line":317,"column":32},"end":{"line":317,"column":33}},"loc":{"start":{"line":317,"column":40},"end":{"line":317,"column":66}}}},"branchMap":{"0":{"loc":{"start":{"line":62,"column":17},"end":{"line":62,"column":36}},"type":"binary-expr","locations":[{"start":{"line":62,"column":17},"end":{"line":62,"column":31}},{"start":{"line":62,"column":35},"end":{"line":62,"column":36}}]},"1":{"loc":{"start":{"line":73,"column":16},"end":{"line":73,"column":30}},"type":"default-arg","locations":[{"start":{"line":73,"column":28},"end":{"line":73,"column":30}}]},"2":{"loc":{"start":{"line":76,"column":12},"end":{"line":78,"column":23}},"type":"cond-expr","locations":[{"start":{"line":77,"column":18},"end":{"line":77,"column":22}},{"start":{"line":78,"column":18},"end":{"line":78,"column":23}}]},"3":{"loc":{"start":{"line":76,"column":14},"end":{"line":76,"column":40}},"type":"binary-expr","locations":[{"start":{"line":76,"column":14},"end":{"line":76,"column":34}},{"start":{"line":76,"column":38},"end":{"line":76,"column":40}}]},"4":{"loc":{"start":{"line":85,"column":8},"end":{"line":87,"column":null}},"type":"if","locations":[{"start":{"line":85,"column":8},"end":{"line":87,"column":null}}]},"5":{"loc":{"start":{"line":92,"column":22},"end":{"line":92,"column":44}},"type":"cond-expr","locations":[{"start":{"line":92,"column":32},"end":{"line":92,"column":37}},{"start":{"line":92,"column":40},"end":{"line":92,"column":44}}]},"6":{"loc":{"start":{"line":134,"column":25},"end":{"line":134,"column":67}},"type":"cond-expr","locations":[{"start":{"line":134,"column":36},"end":{"line":134,"column":63}},{"start":{"line":134,"column":66},"end":{"line":134,"column":67}}]},"7":{"loc":{"start":{"line":134,"column":37},"end":{"line":134,"column":58}},"type":"binary-expr","locations":[{"start":{"line":134,"column":37},"end":{"line":134,"column":53}},{"start":{"line":134,"column":57},"end":{"line":134,"column":58}}]},"8":{"loc":{"start":{"line":153,"column":8},"end":{"line":160,"column":null}},"type":"if","locations":[{"start":{"line":153,"column":8},"end":{"line":160,"column":null}}]},"9":{"loc":{"start":{"line":153,"column":12},"end":{"line":153,"column":77}},"type":"binary-expr","locations":[{"start":{"line":153,"column":12},"end":{"line":153,"column":34}},{"start":{"line":153,"column":38},"end":{"line":153,"column":77}}]},"10":{"loc":{"start":{"line":172,"column":8},"end":{"line":174,"column":null}},"type":"if","locations":[{"start":{"line":172,"column":8},"end":{"line":174,"column":null}}]},"11":{"loc":{"start":{"line":172,"column":12},"end":{"line":172,"column":34}},"type":"binary-expr","locations":[{"start":{"line":172,"column":12},"end":{"line":172,"column":20}},{"start":{"line":172,"column":24},"end":{"line":172,"column":34}}]},"12":{"loc":{"start":{"line":176,"column":8},"end":{"line":184,"column":null}},"type":"if","locations":[{"start":{"line":176,"column":8},"end":{"line":184,"column":null}}]},"13":{"loc":{"start":{"line":176,"column":12},"end":{"line":176,"column":35}},"type":"binary-expr","locations":[{"start":{"line":176,"column":12},"end":{"line":176,"column":22}},{"start":{"line":176,"column":26},"end":{"line":176,"column":35}}]},"14":{"loc":{"start":{"line":190,"column":21},"end":{"line":190,"column":63}},"type":"cond-expr","locations":[{"start":{"line":190,"column":32},"end":{"line":190,"column":59}},{"start":{"line":190,"column":62},"end":{"line":190,"column":63}}]},"15":{"loc":{"start":{"line":190,"column":33},"end":{"line":190,"column":54}},"type":"binary-expr","locations":[{"start":{"line":190,"column":33},"end":{"line":190,"column":49}},{"start":{"line":190,"column":53},"end":{"line":190,"column":54}}]},"16":{"loc":{"start":{"line":229,"column":8},"end":{"line":234,"column":null}},"type":"if","locations":[{"start":{"line":229,"column":8},"end":{"line":234,"column":null}}]},"17":{"loc":{"start":{"line":257,"column":8},"end":{"line":265,"column":null}},"type":"if","locations":[{"start":{"line":257,"column":8},"end":{"line":265,"column":null}}]}},"s":{"0":1,"1":1,"2":1,"3":1,"4":1,"5":1,"6":1,"7":2,"8":2,"9":2,"10":1,"11":0,"12":0,"13":0,"14":1,"15":2,"16":2,"17":2,"18":1,"19":0,"20":0,"21":0,"22":0,"23":0,"24":0,"25":0,"26":0,"27":0,"28":0,"29":0,"30":1,"31":1,"32":0,"33":0,"34":0,"35":0,"36":0,"37":0,"38":0,"39":0,"40":1,"41":1,"42":1,"43":1,"44":1,"45":1,"46":1,"47":1,"48":1,"49":1,"50":0,"51":1,"52":1,"53":4,"54":4,"55":4,"56":3,"57":3,"58":0,"59":3,"60":3,"61":3,"62":1,"63":3,"64":0,"65":0,"66":0,"67":3,"68":3,"69":1,"70":1,"71":1,"72":0,"73":0,"74":0,"75":0,"76":0,"77":0,"78":0,"79":1,"80":1,"81":2,"82":2,"83":2,"84":2,"85":2,"86":1,"87":1,"88":1,"89":1,"90":0,"91":1,"92":1,"93":2,"94":2,"95":2,"96":2,"97":2,"98":2,"99":1,"100":1,"101":1,"102":1,"103":1,"104":1,"105":1,"106":1,"107":0,"108":1,"109":1,"110":0,"111":0,"112":0,"113":0,"114":0,"115":0,"116":0,"117":1,"118":1,"119":0,"120":0,"121":0,"122":0,"123":0,"124":0,"125":0,"126":0,"127":0,"128":0,"129":1},"f":{"0":2,"1":2,"2":0,"3":0,"4":2,"5":2,"6":0,"7":0,"8":0,"9":0,"10":1,"11":1,"12":4,"13":4,"14":0,"15":0,"16":2,"17":2,"18":2,"19":2,"20":0,"21":0,"22":0,"23":0,"24":0},"b":{"0":[2,0],"1":[0],"2":[0,0],"3":[0,0],"4":[0],"5":[0,0],"6":[1,0],"7":[1,0],"8":[0],"9":[3,3],"10":[1],"11":[3,1],"12":[0],"13":[3,0],"14":[1,2],"15":[1,0],"16":[1],"17":[1]}}
,"/Users/brianjenney1/Desktop/apps/warehouse/src/models/pspxSpace.ts": {"path":"/Users/brianjenney1/Desktop/apps/warehouse/src/models/pspxSpace.ts","statementMap":{"0":{"start":{"line":1,"column":0},"end":{"line":1,"column":48}},"1":{"start":{"line":12,"column":15},"end":{"line":22,"column":2}},"2":{"start":{"line":24,"column":23},"end":{"line":24,"column":60}},"3":{"start":{"line":26,"column":9},"end":{"line":26,"column":23}}},"fnMap":{},"branchMap":{},"s":{"0":2,"1":2,"2":2,"3":2},"f":{},"b":{}}
,"/Users/brianjenney1/Desktop/apps/warehouse/src/models/pspxUser.ts": {"path":"/Users/brianjenney1/Desktop/apps/warehouse/src/models/pspxUser.ts","statementMap":{"0":{"start":{"line":1,"column":0},"end":{"line":1,"column":48}},"1":{"start":{"line":12,"column":15},"end":{"line":18,"column":2}},"2":{"start":{"line":20,"column":22},"end":{"line":20,"column":57}},"3":{"start":{"line":22,"column":9},"end":{"line":22,"column":22}}},"fnMap":{},"branchMap":{},"s":{"0":3,"1":3,"2":3,"3":3},"f":{},"b":{}}
,"/Users/brianjenney1/Desktop/apps/warehouse/src/models/styleConfig.ts": {"path":"/Users/brianjenney1/Desktop/apps/warehouse/src/models/styleConfig.ts","statementMap":{"0":{"start":{"line":1,"column":0},"end":{"line":1,"column":41}},"1":{"start":{"line":14,"column":15},"end":{"line":25,"column":2}},"2":{"start":{"line":27,"column":25},"end":{"line":27,"column":66}},"3":{"start":{"line":29,"column":9},"end":{"line":29,"column":25}}},"fnMap":{},"branchMap":{},"s":{"0":1,"1":1,"2":1,"3":1},"f":{},"b":{}}
,"/Users/brianjenney1/Desktop/apps/warehouse/src/models/styleConfigVersion.ts": {"path":"/Users/brianjenney1/Desktop/apps/warehouse/src/models/styleConfigVersion.ts","statementMap":{"0":{"start":{"line":1,"column":0},"end":{"line":1,"column":41}},"1":{"start":{"line":12,"column":15},"end":{"line":21,"column":2}},"2":{"start":{"line":23,"column":32},"end":{"line":25,"column":null}},"3":{"start":{"line":28,"column":9},"end":{"line":28,"column":32}}},"fnMap":{},"branchMap":{},"s":{"0":1,"1":1,"2":1,"3":1},"f":{},"b":{}}
,"/Users/brianjenney1/Desktop/apps/warehouse/src/routes/index.ts": {"path":"/Users/brianjenney1/Desktop/apps/warehouse/src/routes/index.ts","statementMap":{"0":{"start":{"line":1,"column":0},"end":{"line":1,"column":33}},"1":{"start":{"line":2,"column":0},"end":{"line":2,"column":30}},"2":{"start":{"line":3,"column":15},"end":{"line":3,"column":23}},"3":{"start":{"line":5,"column":0},"end":{"line":5,"column":30}},"4":{"start":{"line":7,"column":0},"end":{"line":7,"column":22}}},"fnMap":{},"branchMap":{},"s":{"0":1,"1":1,"2":1,"3":1,"4":1},"f":{},"b":{}}
,"/Users/brianjenney1/Desktop/apps/warehouse/src/routes/api/index.ts": {"path":"/Users/brianjenney1/Desktop/apps/warehouse/src/routes/api/index.ts","statementMap":{"0":{"start":{"line":1,"column":0},"end":{"line":1,"column":33}},"1":{"start":{"line":2,"column":0},"end":{"line":2,"column":47}},"2":{"start":{"line":3,"column":0},"end":{"line":3,"column":45}},"3":{"start":{"line":5,"column":15},"end":{"line":5,"column":23}},"4":{"start":{"line":7,"column":0},"end":{"line":7,"column":36}},"5":{"start":{"line":8,"column":0},"end":{"line":8,"column":40}},"6":{"start":{"line":10,"column":0},"end":{"line":10,"column":22}}},"fnMap":{},"branchMap":{},"s":{"0":1,"1":1,"2":1,"3":1,"4":1,"5":1,"6":1},"f":{},"b":{}}
,"/Users/brianjenney1/Desktop/apps/warehouse/src/routes/api/paymentRoutes.ts": {"path":"/Users/brianjenney1/Desktop/apps/warehouse/src/routes/api/paymentRoutes.ts","statementMap":{"0":{"start":{"line":1,"column":0},"end":{"line":1,"column":38}},"1":{"start":{"line":2,"column":0},"end":{"line":2,"column":null}},"2":{"start":{"line":7,"column":15},"end":{"line":7,"column":23}},"3":{"start":{"line":9,"column":0},"end":{"line":11,"column":61}},"4":{"start":{"line":12,"column":0},"end":{"line":12,"column":59}},"5":{"start":{"line":14,"column":0},"end":{"line":14,"column":22}}},"fnMap":{},"branchMap":{},"s":{"0":1,"1":1,"2":1,"3":1,"4":1,"5":1},"f":{},"b":{}}
,"/Users/brianjenney1/Desktop/apps/warehouse/src/routes/api/styleConfigRoutes.ts": {"path":"/Users/brianjenney1/Desktop/apps/warehouse/src/routes/api/styleConfigRoutes.ts","statementMap":{"0":{"start":{"line":1,"column":0},"end":{"line":1,"column":33}},"1":{"start":{"line":2,"column":0},"end":{"line":2,"column":null}},"2":{"start":{"line":13,"column":0},"end":{"line":13,"column":55}},"3":{"start":{"line":15,"column":15},"end":{"line":15,"column":23}},"4":{"start":{"line":17,"column":0},"end":{"line":17,"column":64}},"5":{"start":{"line":18,"column":0},"end":{"line":18,"column":64}},"6":{"start":{"line":19,"column":0},"end":{"line":19,"column":63}},"7":{"start":{"line":20,"column":0},"end":{"line":20,"column":50}},"8":{"start":{"line":21,"column":0},"end":{"line":21,"column":63}},"9":{"start":{"line":22,"column":0},"end":{"line":24,"column":55}},"10":{"start":{"line":25,"column":0},"end":{"line":25,"column":75}},"11":{"start":{"line":26,"column":0},"end":{"line":26,"column":59}},"12":{"start":{"line":27,"column":0},"end":{"line":27,"column":42}},"13":{"start":{"line":29,"column":0},"end":{"line":29,"column":22}}},"fnMap":{},"branchMap":{},"s":{"0":1,"1":1,"2":1,"3":1,"4":1,"5":1,"6":1,"7":1,"8":1,"9":1,"10":1,"11":1,"12":1,"13":1},"f":{},"b":{}}
,"/Users/brianjenney1/Desktop/apps/warehouse/src/services/payment.service.ts": {"path":"/Users/brianjenney1/Desktop/apps/warehouse/src/services/payment.service.ts","statementMap":{"0":{"start":{"line":1,"column":0},"end":{"line":1,"column":51}},"1":{"start":{"line":2,"column":0},"end":{"line":2,"column":64}},"2":{"start":{"line":4,"column":23},"end":{"line":8,"column":2}},"3":{"start":{"line":4,"column":63},"end":{"line":8,"column":2}},"4":{"start":{"line":5,"column":4},"end":{"line":7,"column":7}},"5":{"start":{"line":10,"column":31},"end":{"line":24,"column":2}},"6":{"start":{"line":14,"column":19},"end":{"line":24,"column":2}},"7":{"start":{"line":15,"column":33},"end":{"line":17,"column":6}},"8":{"start":{"line":19,"column":4},"end":{"line":19,"column":45}},"9":{"start":{"line":20,"column":4},"end":{"line":23,"column":7}},"10":{"start":{"line":26,"column":9},"end":{"line":26,"column":31}}},"fnMap":{"0":{"name":"(anonymous_7)","decl":{"start":{"line":4,"column":23},"end":{"line":4,"column":30}},"loc":{"start":{"line":4,"column":63},"end":{"line":8,"column":2}}},"1":{"name":"(anonymous_8)","decl":{"start":{"line":4,"column":63},"end":{"line":4,"column":null}},"loc":{"start":{"line":4,"column":63},"end":{"line":8,"column":1}}},"2":{"name":"(anonymous_9)","decl":{"start":{"line":10,"column":31},"end":{"line":10,"column":null}},"loc":{"start":{"line":14,"column":19},"end":{"line":24,"column":2}}},"3":{"name":"(anonymous_10)","decl":{"start":{"line":14,"column":19},"end":{"line":14,"column":null}},"loc":{"start":{"line":14,"column":19},"end":{"line":24,"column":1}}}},"branchMap":{},"s":{"0":2,"1":2,"2":2,"3":1,"4":1,"5":2,"6":1,"7":1,"8":1,"9":1,"10":2},"f":{"0":1,"1":1,"2":1,"3":1},"b":{}}
}
