TN:
SF:server.ts
FN:31,(anonymous_1)
FN:41,(anonymous_2)
FNF:2
FNH:1
FNDA:9,(anonymous_1)
FNDA:0,(anonymous_2)
DA:1,1
DA:2,1
DA:3,1
DA:4,1
DA:5,1
DA:6,1
DA:7,1
DA:8,1
DA:9,1
DA:11,1
DA:12,0
DA:18,1
DA:19,1
DA:21,1
DA:23,1
DA:30,1
DA:31,1
DA:32,9
DA:33,0
DA:35,9
DA:38,1
DA:40,1
DA:41,0
DA:44,1
DA:45,1
LF:25
LH:22
BRDA:11,0,0,0
BRDA:19,1,0,1
BRDA:19,1,1,0
BRDA:32,2,0,0
BRDA:32,2,1,9
BRDA:40,3,0,0
BRF:6
BRH:2
end_of_record
TN:
SF:src/apiHelpers.ts
FN:5,(anonymous_7)
FN:10,(anonymous_8)
FN:18,(anonymous_9)
FN:22,(anonymous_10)
FN:42,(anonymous_11)
FN:54,(anonymous_12)
FNF:6
FNH:6
FNDA:9,(anonymous_7)
FNDA:20,(anonymous_8)
FNDA:9,(anonymous_9)
FNDA:9,(anonymous_10)
FNDA:2,(anonymous_11)
FNDA:7,(anonymous_12)
DA:2,1
DA:3,1
DA:5,1
DA:9,9
DA:10,20
DA:11,9
DA:12,1
DA:15,8
DA:18,1
DA:22,9
DA:24,9
DA:25,6
DA:27,6
DA:29,6
DA:35,6
DA:39,9
DA:42,1
DA:46,2
DA:54,1
DA:58,7
DA:66,1
DA:67,1
DA:68,1
DA:69,1
LF:24
LH:24
BRDA:11,0,0,1
BRDA:24,1,0,6
BRDA:24,2,0,9
BRDA:24,2,1,9
BRDA:24,2,2,7
BRDA:25,3,0,6
BRDA:25,3,1,4
BRDA:29,4,0,2
BRDA:29,4,1,4
BRDA:46,5,0,2
BRDA:46,5,1,0
BRF:11
BRH:10
end_of_record
TN:
SF:src/controllers/payment.controller.ts
FN:18,(anonymous_8)
FN:21,(anonymous_9)
FN:53,(anonymous_10)
FN:53,(anonymous_11)
FNF:4
FNH:0
FNDA:0,(anonymous_8)
FNDA:0,(anonymous_9)
FNDA:0,(anonymous_10)
FNDA:0,(anonymous_11)
DA:2,1
DA:4,1
DA:5,1
DA:10,1
DA:11,1
DA:13,1
DA:14,1
DA:18,1
DA:21,0
DA:22,0
DA:23,0
DA:26,0
DA:27,0
DA:29,0
DA:47,0
DA:49,0
DA:53,1
DA:58,0
DA:60,0
DA:62,0
DA:63,0
DA:69,0
DA:73,0
DA:79,0
DA:80,0
DA:83,0
DA:85,0
DA:86,0
DA:91,0
DA:93,0
DA:96,0
DA:98,0
DA:99,0
DA:105,0
DA:107,0
DA:109,0
DA:111,0
DA:113,0
DA:118,0
DA:121,0
DA:125,0
DA:128,1
LF:42
LH:10
BRDA:23,0,0,0
BRDA:23,0,1,0
BRDA:58,1,0,0
BRDA:79,2,0,0
BRDA:83,3,0,0
BRDA:83,3,1,0
BRDA:83,3,2,0
BRDA:83,3,3,0
BRDA:83,3,4,0
BRDA:83,3,5,0
BRF:10
BRH:0
end_of_record
TN:
SF:src/controllers/styles.controller.ts
FN:16,(anonymous_8)
FN:22,(anonymous_9)
FN:32,(anonymous_10)
FN:38,(anonymous_11)
FN:54,(anonymous_12)
FN:56,(anonymous_13)
FN:69,(anonymous_14)
FN:69,(anonymous_15)
FN:101,(anonymous_16)
FN:101,(anonymous_17)
FN:122,(anonymous_18)
FN:122,(anonymous_19)
FN:147,(anonymous_20)
FN:147,(anonymous_21)
FN:200,(anonymous_22)
FN:203,(anonymous_23)
FN:220,(anonymous_24)
FN:223,(anonymous_25)
FN:248,(anonymous_26)
FN:248,(anonymous_27)
FN:288,(anonymous_28)
FN:288,(anonymous_29)
FN:302,(anonymous_30)
FN:302,(anonymous_31)
FN:317,(anonymous_32)
FNF:25
FNH:12
FNDA:2,(anonymous_8)
FNDA:2,(anonymous_9)
FNDA:0,(anonymous_10)
FNDA:0,(anonymous_11)
FNDA:2,(anonymous_12)
FNDA:2,(anonymous_13)
FNDA:0,(anonymous_14)
FNDA:0,(anonymous_15)
FNDA:0,(anonymous_16)
FNDA:0,(anonymous_17)
FNDA:1,(anonymous_18)
FNDA:1,(anonymous_19)
FNDA:4,(anonymous_20)
FNDA:4,(anonymous_21)
FNDA:0,(anonymous_22)
FNDA:0,(anonymous_23)
FNDA:2,(anonymous_24)
FNDA:2,(anonymous_25)
FNDA:2,(anonymous_26)
FNDA:2,(anonymous_27)
FNDA:0,(anonymous_28)
FNDA:0,(anonymous_29)
FNDA:0,(anonymous_30)
FNDA:0,(anonymous_31)
FNDA:0,(anonymous_32)
DA:2,1
DA:7,1
DA:8,1
DA:12,1
DA:13,1
DA:14,1
DA:16,1
DA:22,2
DA:23,2
DA:29,2
DA:32,1
DA:38,0
DA:39,0
DA:45,0
DA:54,1
DA:56,2
DA:57,2
DA:66,2
DA:69,1
DA:70,0
DA:71,0
DA:73,0
DA:76,0
DA:81,0
DA:85,0
DA:86,0
DA:89,0
DA:95,0
DA:97,0
DA:101,1
DA:102,0
DA:103,0
DA:105,0
DA:107,0
DA:112,0
DA:116,0
DA:118,0
DA:122,1
DA:123,1
DA:124,1
DA:125,1
DA:127,1
DA:132,1
DA:139,1
DA:141,1
DA:143,0
DA:147,4
DA:148,4
DA:149,4
DA:151,3
DA:153,3
DA:154,0
DA:162,3
DA:167,3
DA:172,3
DA:173,1
DA:176,3
DA:177,0
DA:182,0
DA:183,0
DA:186,3
DA:194,3
DA:196,1
DA:200,1
DA:203,0
DA:204,0
DA:205,0
DA:206,0
DA:208,0
DA:214,0
DA:216,0
DA:220,1
DA:223,2
DA:224,2
DA:225,2
DA:227,2
DA:229,2
DA:230,1
DA:236,1
DA:240,1
DA:242,1
DA:244,0
DA:248,2
DA:249,2
DA:250,2
DA:252,2
DA:255,2
DA:257,2
DA:258,1
DA:263,1
DA:264,1
DA:267,1
DA:269,1
DA:275,1
DA:280,1
DA:282,1
DA:284,0
DA:288,1
DA:289,0
DA:290,0
DA:292,0
DA:294,0
DA:296,0
DA:298,0
DA:302,1
DA:303,0
DA:304,0
DA:306,0
DA:308,0
DA:312,0
DA:316,0
DA:317,0
DA:320,0
DA:326,0
DA:331,1
DA:332,1
DA:333,1
DA:334,1
DA:335,1
DA:336,1
DA:337,1
DA:338,1
DA:339,1
LF:123
LH:74
BRDA:62,0,0,2
BRDA:62,0,1,0
BRDA:73,1,0,0
BRDA:76,2,0,0
BRDA:76,2,1,0
BRDA:76,3,0,0
BRDA:76,3,1,0
BRDA:85,4,0,0
BRDA:92,5,0,0
BRDA:92,5,1,0
BRDA:134,6,0,1
BRDA:134,6,1,0
BRDA:134,7,0,1
BRDA:134,7,1,0
BRDA:153,8,0,0
BRDA:153,9,0,3
BRDA:153,9,1,3
BRDA:172,10,0,1
BRDA:172,11,0,3
BRDA:172,11,1,1
BRDA:176,12,0,0
BRDA:176,13,0,3
BRDA:176,13,1,0
BRDA:190,14,0,1
BRDA:190,14,1,2
BRDA:190,15,0,1
BRDA:190,15,1,0
BRDA:229,16,0,1
BRDA:257,17,0,1
BRF:29
BRH:14
end_of_record
TN:
SF:src/models/pspxSpace.ts
FNF:0
FNH:0
DA:1,2
DA:12,2
DA:24,2
DA:26,2
LF:4
LH:4
BRF:0
BRH:0
end_of_record
TN:
SF:src/models/pspxUser.ts
FNF:0
FNH:0
DA:1,3
DA:12,3
DA:20,3
DA:22,3
LF:4
LH:4
BRF:0
BRH:0
end_of_record
TN:
SF:src/models/styleConfig.ts
FNF:0
FNH:0
DA:1,1
DA:14,1
DA:27,1
DA:29,1
LF:4
LH:4
BRF:0
BRH:0
end_of_record
TN:
SF:src/models/styleConfigVersion.ts
FNF:0
FNH:0
DA:1,1
DA:12,1
DA:23,1
DA:28,1
LF:4
LH:4
BRF:0
BRH:0
end_of_record
TN:
SF:src/routes/index.ts
FNF:0
FNH:0
DA:1,1
DA:2,1
DA:3,1
DA:5,1
DA:7,1
LF:5
LH:5
BRF:0
BRH:0
end_of_record
TN:
SF:src/routes/api/index.ts
FNF:0
FNH:0
DA:1,1
DA:2,1
DA:3,1
DA:5,1
DA:7,1
DA:8,1
DA:10,1
LF:7
LH:7
BRF:0
BRH:0
end_of_record
TN:
SF:src/routes/api/paymentRoutes.ts
FNF:0
FNH:0
DA:1,1
DA:2,1
DA:7,1
DA:9,1
DA:12,1
DA:14,1
LF:6
LH:6
BRF:0
BRH:0
end_of_record
TN:
SF:src/routes/api/styleConfigRoutes.ts
FNF:0
FNH:0
DA:1,1
DA:2,1
DA:13,1
DA:15,1
DA:17,1
DA:18,1
DA:19,1
DA:20,1
DA:21,1
DA:22,1
DA:25,1
DA:26,1
DA:27,1
DA:29,1
LF:14
LH:14
BRF:0
BRH:0
end_of_record
TN:
SF:src/services/payment.service.ts
FN:4,(anonymous_7)
FN:4,(anonymous_8)
FN:10,(anonymous_9)
FN:14,(anonymous_10)
FNF:4
FNH:4
FNDA:1,(anonymous_7)
FNDA:1,(anonymous_8)
FNDA:1,(anonymous_9)
FNDA:1,(anonymous_10)
DA:1,2
DA:2,2
DA:4,2
DA:5,1
DA:10,2
DA:14,1
DA:15,1
DA:19,1
DA:20,1
DA:26,2
LF:10
LH:10
BRF:0
BRH:0
end_of_record
